0 info it worked if it ends with ok
1 verbose cli [ 'node', '/usr/local/bin/npm', 'publish' ]
2 info using npm@3.5.3
3 info using node@v0.12.7
4 verbose node symlink /usr/local/bin/node
5 verbose publish [ '.' ]
6 silly cache add args [ '.', null ]
7 verbose cache add spec .
8 silly cache add parsed spec { raw: '.',
8 silly cache add   scope: null,
8 silly cache add   name: null,
8 silly cache add   rawSpec: '.',
8 silly cache add   spec: '/Users/jesusft/source/react-component-boilerplate',
8 silly cache add   type: 'directory' }
9 verbose addLocalDirectory /Users/jesusft/.npm/react-vertical-timeline/0.1.1/package.tgz not in flight; packing
10 info lifecycle react-vertical-timeline@0.1.1~prepublish: react-vertical-timeline@0.1.1
11 verbose lifecycle react-vertical-timeline@0.1.1~prepublish: unsafe-perm in lifecycle true
12 verbose lifecycle react-vertical-timeline@0.1.1~prepublish: PATH: /usr/local/lib/node_modules/npm/bin/node-gyp-bin:/Users/jesusft/source/react-component-boilerplate/node_modules/.bin:/Users/jesusft/.rvm/gems/ruby-2.2.1/bin:/Users/jesusft/.rvm/gems/ruby-2.2.1@global/bin:/Users/jesusft/.rvm/rubies/ruby-2.2.1/bin:/usr/bin:/bin:/usr/sbin:/sbin:/usr/local/bin:/Users/jesusft/incantations:/Users/jesusft/bin:/Library/Java/JavaVirtualMachines/jdk1.8.0_77.jdk/Contents/Home/bin:/usr/local/go/bin:/Users/jesusft/Library/Android/sdk/platform-tools:/Users/jesusft/.rvm/bin
13 verbose lifecycle react-vertical-timeline@0.1.1~prepublish: CWD: /Users/jesusft/source/react-component-boilerplate
14 silly lifecycle react-vertical-timeline@0.1.1~prepublish: Args: [ '-c', 'npm run dist:modules' ]
15 silly lifecycle react-vertical-timeline@0.1.1~prepublish: Returned: code: 0  signal: null
16 verbose tar pack [ '/Users/jesusft/.npm/react-vertical-timeline/0.1.1/package.tgz',
16 verbose tar pack   '/Users/jesusft/source/react-component-boilerplate' ]
17 verbose tarball /Users/jesusft/.npm/react-vertical-timeline/0.1.1/package.tgz
18 verbose folder /Users/jesusft/source/react-component-boilerplate
19 verbose addLocalTarball adding from inside cache /Users/jesusft/.npm/react-vertical-timeline/0.1.1/package.tgz
20 silly cache afterAdd react-vertical-timeline@0.1.1
21 verbose afterAdd /Users/jesusft/.npm/react-vertical-timeline/0.1.1/package/package.json not in flight; writing
22 verbose afterAdd /Users/jesusft/.npm/react-vertical-timeline/0.1.1/package/package.json written
23 silly publish { name: 'react-vertical-timeline',
23 silly publish   description: 'vertical timeline bar with bookmarks support',
23 silly publish   author: { name: 'Jesus Trujillo' },
23 silly publish   user: 'yeyus',
23 silly publish   version: '0.1.1',
23 silly publish   scripts:
23 silly publish    { start: 'webpack-dev-server',
23 silly publish      test: 'karma start',
23 silly publish      'test:tdd': 'karma start --auto-watch --no-single-run',
23 silly publish      'test:lint': 'eslint . --ext .js --ext .jsx',
23 silly publish      'gh-pages': 'webpack',
23 silly publish      'gh-pages:deploy': 'gh-pages -d gh-pages',
23 silly publish      'gh-pages:stats': 'webpack --profile --json > stats.json',
23 silly publish      dist: 'webpack',
23 silly publish      'dist:min': 'webpack',
23 silly publish      'dist:modules': 'babel ./src --out-dir ./dist-modules',
23 silly publish      preversion: 'npm run test && npm run test:lint && npm run dist && npm run dist:min && git commit --allow-empty -am "Update dist"',
23 silly publish      prepublish: 'npm run dist:modules',
23 silly publish      postpublish: 'npm run gh-pages && npm run gh-pages:deploy',
23 silly publish      postinstall: 'node lib/post_install.js' },
23 silly publish   main: 'dist-modules',
23 silly publish   devDependencies:
23 silly publish    { 'babel-cli': '^6.4.0',
23 silly publish      'babel-core': '^6.4.0',
23 silly publish      'babel-eslint': '^5.0.0-beta6',
23 silly publish      'babel-loader': '^6.2.1',
23 silly publish      'babel-preset-es2015': '^6.3.13',
23 silly publish      'babel-preset-react': '^6.3.13',
23 silly publish      'babel-preset-react-hmre': '^1.0.1',
23 silly publish      'babel-register': '^6.4.3',
23 silly publish      chai: '^3.4.1',
23 silly publish      'clean-webpack-plugin': '^0.1.6',
23 silly publish      'css-loader': '^0.23.1',
23 silly publish      eslint: '^1.10.3',
23 silly publish      'eslint-loader': '^1.2.0',
23 silly publish      'eslint-plugin-react': '^3.11.0',
23 silly publish      'extract-text-webpack-plugin': '^1.0.1',
23 silly publish      'file-loader': '^0.8.5',
23 silly publish      'gh-pages': '^0.8.0',
23 silly publish      'git-prepush-hook': '^1.0.1',
23 silly publish      'highlight.js': '^9.1.0',
23 silly publish      'html-webpack-plugin': '^1.7.0',
23 silly publish      'isparta-loader': '^1.0.0',
23 silly publish      'json-loader': '^0.5.4',
23 silly publish      karma: '^0.13.19',
23 silly publish      'karma-chai': '^0.1.0',
23 silly publish      'karma-chai-sinon': '^0.1.5',
23 silly publish      'karma-coverage': '^0.5.3',
23 silly publish      'karma-mocha': '^0.2.1',
23 silly publish      'karma-phantomjs-launcher': '^0.2.3',
23 silly publish      'karma-sinon': '^1.0.4',
23 silly publish      'karma-sourcemap-loader': '^0.3.7',
23 silly publish      'karma-spec-reporter': '0.0.23',
23 silly publish      'karma-webpack': '^1.7.0',
23 silly publish      'markdown-to-react-components': '^0.2.1',
23 silly publish      mocha: '^2.3.4',
23 silly publish      phantomjs: '^1.9.19',
23 silly publish      'phantomjs-polyfill': '0.0.1',
23 silly publish      purecss: '^0.6.0',
23 silly publish      react: '^0.14.6',
23 silly publish      'react-addons-test-utils': '^0.14.6',
23 silly publish      'react-dom': '^0.14.6',
23 silly publish      'react-ghfork': '^0.3.2',
23 silly publish      sinon: '^1.17.2',
23 silly publish      'sinon-chai': '^2.8.0',
23 silly publish      'style-loader': '^0.13.0',
23 silly publish      'sync-exec': '^0.6.2',
23 silly publish      'system-bell-webpack-plugin': '^1.0.0',
23 silly publish      'url-loader': '^0.5.7',
23 silly publish      webpack: '^1.12.11',
23 silly publish      'webpack-dev-server': '^1.14.1',
23 silly publish      'webpack-merge': '^0.7.3' },
23 silly publish   repository:
23 silly publish    { type: 'git',
23 silly publish      url: 'git+https://github.com/yeyus/react-vertical-timeline.git' },
23 silly publish   homepage: 'https://yeyus.github.io/react-vertical-timeline/',
23 silly publish   bugs: { url: 'https://github.com/yeyus/react-vertical-timeline/issues' },
23 silly publish   keywords:
23 silly publish    [ 'react',
23 silly publish      'reactjs',
23 silly publish      'progress bar',
23 silly publish      'progress',
23 silly publish      'timeline',
23 silly publish      'vertical' ],
23 silly publish   license: 'MIT',
23 silly publish   'pre-push': [ 'test', 'test:lint' ],
23 silly publish   readme: '[![build status](https://secure.travis-ci.org/yeyus/react-vertical-timeline.png)](http://travis-ci.org/yeyus/react-vertical-timeline) [![bitHound Score](https://www.bithound.io/github/yeyus/react-vertical-timeline/badges/score.svg)](https://www.bithound.io/github/yeyus/react-vertical-timeline) [![Dependency Status](https://david-dm.org/yeyus/react-vertical-timeline.svg)](https://david-dm.org/yeyus/react-vertical-timeline)\n# react-vertical-timeline - Vertical progress bar with bookmarks support\n\n## Basic Usage\n\n* Linting - **npm run lint** - Runs ESLint.\n* Testing - **npm test** and **npm run tdd** - Runs Karma/Mocha/Chai/Phantom. Code coverage report is generated through istanbul/isparta to `build/`.\n\n* Developing - **npm start** - Runs the development server at *localhost:8080* and use Hot Module Replacement. You can override the default host and port through env (`HOST`, `PORT`).\n* Creating a version - **npm version <x.y.z>** - Updates */dist* and *package.json* with the new version and create a version tag to Git.\n* Publishing a version - **npm publish** - Pushes a new version to npm and updates the project site.\n\nIf you don\'t want to use universal rendering for the React portion, set `RENDER_UNIVERSAL` to `false` at *webpack.config.babel.js*.\n\n### Testing\n\nThe test setup is based on Karma/Mocha/Chai/Phantom. Code coverage report is generated through istanbul/isparta to `build/`.\n\n* Running tests once - **npm test**\n* Running tests continuously **npm run test:tdd**\n* Linting - **npm run test:lint** - Runs ESLint.\n\n### Demo Site\n\nThe boilerplate includes a [GitHub Pages](https://pages.github.com/) specific portion for setting up a demo site for the component. The main commands handle with the details for you. Sometimes you might want to generate and deploy it by hand, or just investigate the generated bundle.\n\n* Building - **npm run gh-pages** - Builds the demo into `./gh-pages` directory.\n* Deploying - **npm run deploy-gh-pages** - Deploys the contents of `./gh-pages` to the `gh-pages` branch. GitHub will pick this up automatically. Your site will be available through *<user name>.github.io/<project name>`.\n* Generating stats - **npm run stats** - Generates stats that can be passed to [webpack analyse tool](https://webpack.github.io/analyse/). This is useful for investigating what the build consists of.\n\n## Highlighting Demo for the Site\n\n```html\n<Timeline height={300} progress={50} onSelect={fn..}>\n  <Bookmark progress={20} onSelect={fn..}>\n    Hi there 20%\n  </Bookmark>\n  <Bookmark progress={55} onSelect={fn..}>\n    Hi there 55%\n  </Bookmark>\n  <Bookmark progress={75} onSelect={fn..}>\n    Hi there 75%\n  </Bookmark>\n</Timeline>\n```\n\n## License\n\n*react-vertical-timeline* is available under MIT. See LICENSE for more details. Based on *react-component-boilerplate*\n\n',
23 silly publish   readmeFilename: 'README.md',
23 silly publish   gitHead: 'ccd8f778045bd72d4abf9c9dbd59e3135d37ff89',
23 silly publish   _id: 'react-vertical-timeline@0.1.1',
23 silly publish   _shasum: '0e94941e8cd9a6c6e1c0ad3d4226f06970f4573a',
23 silly publish   _from: '.' }
24 verbose getPublishConfig undefined
25 silly mapToRegistry name react-vertical-timeline
26 silly mapToRegistry using default registry
27 silly mapToRegistry registry https://registry.npmjs.org/
28 silly mapToRegistry uri https://registry.npmjs.org/react-vertical-timeline
29 verbose publish registryBase https://registry.npmjs.org/
30 silly publish uploading /Users/jesusft/.npm/react-vertical-timeline/0.1.1/package.tgz
31 verbose request uri https://registry.npmjs.org/react-vertical-timeline
32 verbose request sending authorization for write operation
33 info attempt registry request try #1 at 15:24:13
34 verbose request using bearer token for auth
35 verbose request id 16380d327898780a
36 http request PUT https://registry.npmjs.org/react-vertical-timeline
37 http 403 https://registry.npmjs.org/react-vertical-timeline
38 verbose headers { 'content-type': 'application/json',
38 verbose headers   'cache-control': 'max-age=300',
38 verbose headers   'content-length': '95',
38 verbose headers   'accept-ranges': 'bytes',
38 verbose headers   date: 'Thu, 22 Sep 2016 22:24:14 GMT',
38 verbose headers   via: '1.1 varnish',
38 verbose headers   connection: 'keep-alive',
38 verbose headers   'x-served-by': 'cache-sjc3620-SJC',
38 verbose headers   'x-cache': 'MISS',
38 verbose headers   'x-cache-hits': '0',
38 verbose headers   'x-timer': 'S1474583053.767298,VS0,VE237',
38 verbose headers   vary: 'Accept-Encoding' }
39 verbose request invalidating /Users/jesusft/.npm/registry.npmjs.org/react-vertical-timeline on PUT
40 error publish Failed PUT 403
41 verbose stack Error: "You cannot publish over the previously published version 0.1.1." : react-vertical-timeline
41 verbose stack     at makeError (/usr/local/lib/node_modules/npm/node_modules/npm-registry-client/lib/request.js:264:12)
41 verbose stack     at CachingRegistryClient.<anonymous> (/usr/local/lib/node_modules/npm/node_modules/npm-registry-client/lib/request.js:252:14)
41 verbose stack     at Request._callback (/usr/local/lib/node_modules/npm/node_modules/npm-registry-client/lib/request.js:172:14)
41 verbose stack     at Request.self.callback (/usr/local/lib/node_modules/npm/node_modules/request/request.js:198:22)
41 verbose stack     at Request.emit (events.js:110:17)
41 verbose stack     at Request.<anonymous> (/usr/local/lib/node_modules/npm/node_modules/request/request.js:1035:10)
41 verbose stack     at Request.emit (events.js:129:20)
41 verbose stack     at IncomingMessage.<anonymous> (/usr/local/lib/node_modules/npm/node_modules/request/request.js:962:12)
41 verbose stack     at IncomingMessage.emit (events.js:129:20)
41 verbose stack     at _stream_readable.js:908:16
42 verbose statusCode 403
43 verbose pkgid react-vertical-timeline
44 verbose cwd /Users/jesusft/source/react-component-boilerplate
45 error Darwin 15.6.0
46 error argv "node" "/usr/local/bin/npm" "publish"
47 error node v0.12.7
48 error npm  v3.5.3
49 error code E403
50 error "You cannot publish over the previously published version 0.1.1." : react-vertical-timeline
51 error If you need help, you may report this error at:
51 error     <https://github.com/npm/npm/issues>
52 verbose exit [ 1, true ]
